<?xml version="1.0" encoding="UTF-8"?>
<!-- Generated by org.testng.reporters.JUnitReportReporter -->
<testsuite hostname="PEBIPL1037" name="com.pebstone.userflow.Student_Registration" tests="5" failures="0" timestamp="5 Jul 2016 10:07:58 GMT" time="59.856" errors="0">
  <testcase name="subscribe_group_student" time="6.085" classname="com.pebstone.userflow.Student_Registration"/>
  <testcase name="read_message_student" time="1.737" classname="com.pebstone.userflow.Student_Registration"/>
  <testcase name="student_otp_submission" time="8.211" classname="com.pebstone.userflow.Student_Registration"/>
  <testcase name="student_mobileno_confirmation" time="18.311" classname="com.pebstone.userflow.Student_Registration"/>
  <testcase name="student_personal_details" time="25.512" classname="com.pebstone.userflow.Student_Registration"/>
</testsuite> <!-- com.pebstone.userflow.Student_Registration -->
